<?xml version="1.0" encoding="UTF-8"?>
<!-- Generated by org.testng.reporters.JUnitXMLReporter -->
<testsuite hostname="2QWX2H2-LPT" ignored="0" name="Test" tests="3" failures="0" timestamp="2021-01-14T14:46:56 GMT" time="131.111" errors="0">
  <testcase name="totalValidation" time="56.538" classname="practice.AppiumFramework.Ecommerce_tc_4"/>
  <testcase name="validateWifi" time="39.448" classname="practice.AppiumFramework.ApiDemoTest"/>
  <testcase name="validateWifi" time="31.959" classname="practice.AppiumFramework.ApiDemoTest"/>
</testsuite> <!-- Test -->
