<?xml version="1.0" encoding="UTF-8"?>
<!-- Generated by org.testng.reporters.JUnitXMLReporter -->
<testsuite hostname="2QWX2H2-LPT" ignored="0" name="Test" tests="3" failures="0" timestamp="2021-01-14T16:46:07 GMT" time="120.429" errors="0">
  <testcase name="totalValidation" time="49.263" classname="practice.AppiumFramework.Ecommerce_tc_4"/>
  <testcase name="validateWifi" time="34.111" classname="practice.AppiumFramework.ApiDemoTest"/>
  <testcase name="validateWifi" time="33.956" classname="practice.AppiumFramework.ApiDemoTest"/>
</testsuite> <!-- Test -->
