<?xml version="1.0" encoding="UTF-8"?>
<testng-results skipped="0" failed="0" ignored="0" total="3" passed="3">
  <reporter-output>
  </reporter-output>
  <suite name="Suite" duration-ms="120429" started-at="2021-01-14T16:44:06 GMT" finished-at="2021-01-14T16:46:07 GMT">
    <groups>
    </groups>
    <test name="Test" duration-ms="120429" started-at="2021-01-14T16:44:06 GMT" finished-at="2021-01-14T16:46:07 GMT">
      <class name="practice.AppiumFramework.ApiDemoTest">
        <test-method status="PASS" signature="validateWifi(java.lang.Object)[pri:0, instance:practice.AppiumFramework.ApiDemoTest@1877ab81]" name="validateWifi" duration-ms="34111" started-at="2021-01-14T16:44:59 GMT" data-provider="InputData" finished-at="2021-01-14T16:45:33 GMT">
          <params>
            <param index="0">
              <value>
                <![CDATA[hello]]>
              </value>
            </param>
          </params>
          <reporter-output>
          </reporter-output>
        </test-method> <!-- validateWifi -->
        <test-method status="PASS" signature="validateWifi(java.lang.Object)[pri:0, instance:practice.AppiumFramework.ApiDemoTest@1877ab81]" name="validateWifi" duration-ms="33956" started-at="2021-01-14T16:45:33 GMT" data-provider="InputData" finished-at="2021-01-14T16:46:07 GMT">
          <params>
            <param index="0">
              <value>
                <![CDATA[@#!$%]]>
              </value>
            </param>
          </params>
          <reporter-output>
          </reporter-output>
        </test-method> <!-- validateWifi -->
      </class> <!-- practice.AppiumFramework.ApiDemoTest -->
      <class name="practice.AppiumFramework.Ecommerce_tc_4">
        <test-method status="PASS" signature="killNodes()[pri:0, instance:practice.AppiumFramework.Ecommerce_tc_4@4232c52b]" name="killNodes" is-config="true" duration-ms="3038" started-at="2021-01-14T16:44:06 GMT" finished-at="2021-01-14T16:44:09 GMT">
          <reporter-output>
          </reporter-output>
        </test-method> <!-- killNodes -->
        <test-method status="PASS" signature="totalValidation()[pri:0, instance:practice.AppiumFramework.Ecommerce_tc_4@4232c52b]" name="totalValidation" duration-ms="49263" started-at="2021-01-14T16:44:09 GMT" finished-at="2021-01-14T16:44:59 GMT">
          <reporter-output>
          </reporter-output>
        </test-method> <!-- totalValidation -->
      </class> <!-- practice.AppiumFramework.Ecommerce_tc_4 -->
    </test> <!-- Test -->
  </suite> <!-- Suite -->
</testng-results>
